# JRE version: OpenJDK Runtime Environment Microsoft-8035246 (17.0.8+7) (build 17.0.8+7-LTS)
# Java VM: OpenJDK 64-Bit Server VM Microsoft-8035246 (17.0.8+7-LTS, mixed mode, sharing, tiered, compressed oops, compressed class ptrs, g1 gc, windows-amd64)
GC Precious Log:
 CPUs: 4 total, 4 available
 Memory: 16257M
 Large Page Support: Disabled
 NUMA Support: Disabled
 Compressed Oops: Enabled (32-bit)
 Heap Region Size: 1M
 Heap Min Capacity: 8M
 Heap Initial Capacity: 256M
 Heap Max Capacity: 2G
 Pre-touch: Disabled
 Parallel Workers: 4
 Concurrent Workers: 1
 Concurrent Refinement Workers: 4
 Periodic GC: Disabled
Heap:
 garbage-first heap   total 301056K, used 195584K [0x0000000080000000, 0x0000000100000000)
  region size 1024K, 39 young (39936K), 7 survivors (7168K)
 Metaspace       used 100667K, committed 101696K, reserved 557056K
  class space    used 13994K, committed 14464K, reserved 425984K
GC Heap History (20 events):
Event: 78.477 GC heap before
{Heap before GC invocations=44 (full 0):
 garbage-first heap   total 158720K, used 125578K [0x0000000080000000, 0x0000000100000000)
  region size 1024K, 41 young (41984K), 1 survivors (1024K)
 Metaspace       used 75806K, committed 76544K, reserved 557056K
  class space    used 10539K, committed 10880K, reserved 425984K
}
Event: 78.482 GC heap after
{Heap after GC invocations=45 (full 0):
 garbage-first heap   total 343040K, used 86336K [0x0000000080000000, 0x0000000100000000)
  region size 1024K, 2 young (2048K), 2 survivors (2048K)
 Metaspace       used 75806K, committed 76544K, reserved 557056K
  class space    used 10539K, committed 10880K, reserved 425984K
}
Event: 96.522 GC heap before
{Heap before GC invocations=46 (full 0):
 garbage-first heap   total 301056K, used 234816K [0x0000000080000000, 0x0000000100000000)
  region size 1024K, 146 young (149504K), 2 survivors (2048K)
 Metaspace       used 83173K, committed 83968K, reserved 557056K
  class space    used 11734K, committed 12096K, reserved 425984K
}
Event: 96.532 GC heap after
{Heap after GC invocations=47 (full 0):
 garbage-first heap   total 301056K, used 93733K [0x0000000080000000, 0x0000000100000000)
  region size 1024K, 10 young (10240K), 10 survivors (10240K)
 Metaspace       used 83173K, committed 83968K, reserved 557056K
  class space    used 11734K, committed 12096K, reserved 425984K
}
Event: 96.701 GC heap before
{Heap before GC invocations=47 (full 0):
 garbage-first heap   total 301056K, used 96805K [0x0000000080000000, 0x0000000100000000)
  region size 1024K, 14 young (14336K), 10 survivors (10240K)
 Metaspace       used 83454K, committed 84160K, reserved 557056K
  class space    used 11765K, committed 12096K, reserved 425984K
}
Event: 96.709 GC heap after
{Heap after GC invocations=48 (full 0):
 garbage-first heap   total 301056K, used 95019K [0x0000000080000000, 0x0000000100000000)
  region size 1024K, 2 young (2048K), 2 survivors (2048K)
 Metaspace       used 83454K, committed 84160K, reserved 557056K
  class space    used 11765K, committed 12096K, reserved 425984K
}
Event: 101.259 GC heap before
{Heap before GC invocations=48 (full 0):
 garbage-first heap   total 301056K, used 224043K [0x0000000080000000, 0x0000000100000000)
  region size 1024K, 123 young (125952K), 2 survivors (2048K)
 Metaspace       used 88257K, committed 89152K, reserved 557056K
  class space    used 12451K, committed 12864K, reserved 425984K
}
Event: 101.282 GC heap after
{Heap after GC invocations=49 (full 0):
 garbage-first heap   total 301056K, used 117415K [0x0000000080000000, 0x0000000100000000)
  region size 1024K, 16 young (16384K), 16 survivors (16384K)
 Metaspace       used 88257K, committed 89152K, reserved 557056K
  class space    used 12451K, committed 12864K, reserved 425984K
}
Event: 101.949 GC heap before
{Heap before GC invocations=49 (full 0):
 garbage-first heap   total 301056K, used 132775K [0x0000000080000000, 0x0000000100000000)
  region size 1024K, 33 young (33792K), 16 survivors (16384K)
 Metaspace       used 88401K, committed 89280K, reserved 557056K
  class space    used 12457K, committed 12864K, reserved 425984K
}
Event: 101.965 GC heap after
{Heap after GC invocations=50 (full 0):
 garbage-first heap   total 301056K, used 122557K [0x0000000080000000, 0x0000000100000000)
  region size 1024K, 5 young (5120K), 5 survivors (5120K)
 Metaspace       used 88401K, committed 89280K, reserved 557056K
  class space    used 12457K, committed 12864K, reserved 425984K
}
Event: 104.497 GC heap before
{Heap before GC invocations=51 (full 0):
 garbage-first heap   total 301056K, used 222909K [0x0000000080000000, 0x0000000100000000)
  region size 1024K, 101 young (103424K), 5 survivors (5120K)
 Metaspace       used 91337K, committed 92352K, reserved 557056K
  class space    used 12811K, committed 13248K, reserved 425984K
}
Event: 104.511 GC heap after
{Heap after GC invocations=52 (full 0):
 garbage-first heap   total 301056K, used 141312K [0x0000000080000000, 0x0000000100000000)
  region size 1024K, 13 young (13312K), 13 survivors (13312K)
 Metaspace       used 91337K, committed 92352K, reserved 557056K
  class space    used 12811K, committed 13248K, reserved 425984K
}
Event: 104.537 GC heap before
{Heap before GC invocations=52 (full 0):
 garbage-first heap   total 301056K, used 142336K [0x0000000080000000, 0x0000000100000000)
  region size 1024K, 14 young (14336K), 13 survivors (13312K)
 Metaspace       used 91409K, committed 92352K, reserved 557056K
  class space    used 12819K, committed 13248K, reserved 425984K
}
Event: 104.554 GC heap after
{Heap after GC invocations=53 (full 0):
 garbage-first heap   total 301056K, used 142336K [0x0000000080000000, 0x0000000100000000)
  region size 1024K, 1 young (1024K), 1 survivors (1024K)
 Metaspace       used 91409K, committed 92352K, reserved 557056K
  class space    used 12819K, committed 13248K, reserved 425984K
}
Event: 107.119 GC heap before
{Heap before GC invocations=53 (full 0):
 garbage-first heap   total 301056K, used 228352K [0x0000000080000000, 0x0000000100000000)
  region size 1024K, 85 young (87040K), 1 survivors (1024K)
 Metaspace       used 97573K, committed 98624K, reserved 557056K
  class space    used 13674K, committed 14144K, reserved 425984K
}
Event: 107.145 GC heap after
{Heap after GC invocations=54 (full 0):
 garbage-first heap   total 301056K, used 147456K [0x0000000080000000, 0x0000000100000000)
  region size 1024K, 6 young (6144K), 6 survivors (6144K)
 Metaspace       used 97573K, committed 98624K, reserved 557056K
  class space    used 13674K, committed 14144K, reserved 425984K
}
Event: 109.617 GC heap before
{Heap before GC invocations=54 (full 0):
 garbage-first heap   total 301056K, used 234496K [0x0000000080000000, 0x0000000100000000)
  region size 1024K, 91 young (93184K), 6 survivors (6144K)
 Metaspace       used 99200K, committed 100288K, reserved 557056K
  class space    used 13843K, committed 14336K, reserved 425984K
}
Event: 109.646 GC heap after
{Heap after GC invocations=55 (full 0):
 garbage-first heap   total 301056K, used 156494K [0x0000000080000000, 0x0000000100000000)
  region size 1024K, 12 young (12288K), 12 survivors (12288K)
 Metaspace       used 99200K, committed 100288K, reserved 557056K
  class space    used 13843K, committed 14336K, reserved 425984K
}
Event: 111.976 GC heap before
{Heap before GC invocations=55 (full 0):
 garbage-first heap   total 301056K, used 236366K [0x0000000080000000, 0x0000000100000000)
  region size 1024K, 91 young (93184K), 12 survivors (12288K)
 Metaspace       used 100349K, committed 101440K, reserved 557056K
  class space    used 13946K, committed 14464K, reserved 425984K
}
Event: 111.996 GC heap after
{Heap after GC invocations=56 (full 0):
 garbage-first heap   total 301056K, used 163840K [0x0000000080000000, 0x0000000100000000)
  region size 1024K, 7 young (7168K), 7 survivors (7168K)
 Metaspace       used 100349K, committed 101440K, reserved 557056K
  class space    used 13946K, committed 14464K, reserved 425984K
}

